[0518/220952.088:ERROR:process_memory_win.cc(73)] ReadMemory at 0x1be2ad33840 of 72 bytes failed: ReadProcessMemory 또는 WriteProcessMemory의 일부 작업만을 마쳤습니다. (0x12B)
[0518/220952.096:WARNING:pe_image_annotations_reader.cc(134)] could not read annotations list object in C:\Program Files (x86)\Google\Chrome\Application\81.0.4044.138\chrome_elf.dll
[0518/220952.096:ERROR:process_memory_win.cc(73)] ReadMemory at 0x1be2b085eb0 of 72 bytes failed: ReadProcessMemory 또는 WriteProcessMemory의 일부 작업만을 마쳤습니다. (0x12B)
[0518/220952.097:WARNING:pe_image_annotations_reader.cc(134)] could not read annotations list object in C:\Program Files (x86)\Google\Chrome\Application\81.0.4044.138\chrome.dll
[0518/220952.098:ERROR:process_memory_win.cc(73)] ReadMemory at 0x1be2b210000 of 64 bytes failed: ReadProcessMemory 또는 WriteProcessMemory의 일부 작업만을 마쳤습니다. (0x12B)
[0518/220952.103:WARNING:pe_image_reader.cc(340)] could not read dos header from C:\Windows\System32\GDI32.dll
[0518/220952.108:ERROR:process_memory_win.cc(73)] ReadMemory at 0x1be2ad33840 of 72 bytes failed: ReadProcessMemory 또는 WriteProcessMemory의 일부 작업만을 마쳤습니다. (0x12B)
[0518/220952.108:WARNING:pe_image_annotations_reader.cc(134)] could not read annotations list object in C:\Program Files (x86)\Google\Chrome\Application\81.0.4044.138\chrome_elf.dll
[0518/220952.108:ERROR:process_memory_win.cc(73)] ReadMemory at 0x1be2b085eb0 of 72 bytes failed: ReadProcessMemory 또는 WriteProcessMemory의 일부 작업만을 마쳤습니다. (0x12B)
[0518/220952.108:WARNING:pe_image_annotations_reader.cc(134)] could not read annotations list object in C:\Program Files (x86)\Google\Chrome\Application\81.0.4044.138\chrome.dll
[0518/220952.109:ERROR:process_memory_win.cc(73)] ReadMemory at 0x1be2b210000 of 64 bytes failed: ReadProcessMemory 또는 WriteProcessMemory의 일부 작업만을 마쳤습니다. (0x12B)
[0518/220952.109:WARNING:pe_image_reader.cc(340)] could not read dos header from C:\Windows\System32\GDI32.dll
[0518/220952.109:ERROR:process_memory_win.cc(73)] ReadMemory at 0x1be2ad33840 of 72 bytes failed: ReadProcessMemory 또는 WriteProcessMemory의 일부 작업만을 마쳤습니다. (0x12B)
[0518/220952.109:WARNING:pe_image_annotations_reader.cc(134)] could not read annotations list object in C:\Program Files (x86)\Google\Chrome\Application\81.0.4044.138\chrome_elf.dll
[0518/220952.110:ERROR:process_memory_win.cc(73)] ReadMemory at 0x1be2b085eb0 of 72 bytes failed: ReadProcessMemory 또는 WriteProcessMemory의 일부 작업만을 마쳤습니다. (0x12B)
[0518/220952.110:WARNING:pe_image_annotations_reader.cc(134)] could not read annotations list object in C:\Program Files (x86)\Google\Chrome\Application\81.0.4044.138\chrome.dll
[0518/220952.110:ERROR:process_memory_win.cc(73)] ReadMemory at 0x1be2b210000 of 64 bytes failed: ReadProcessMemory 또는 WriteProcessMemory의 일부 작업만을 마쳤습니다. (0x12B)
[0518/220952.111:WARNING:pe_image_reader.cc(340)] could not read dos header from C:\Windows\System32\GDI32.dll
[0518/220952.161:ERROR:process_memory_win.cc(73)] ReadMemory at 0x512f1e7000 of 102400 bytes failed: ReadProcessMemory 또는 WriteProcessMemory의 일부 작업만을 마쳤습니다. (0x12B)
[0518/220952.166:ERROR:process_memory_win.cc(73)] ReadMemory at 0x512f9fd000 of 12288 bytes failed: ReadProcessMemory 또는 WriteProcessMemory의 일부 작업만을 마쳤습니다. (0x12B)
[0518/220952.166:ERROR:process_memory_win.cc(73)] ReadMemory at 0x51301f9000 of 28672 bytes failed: ReadProcessMemory 또는 WriteProcessMemory의 일부 작업만을 마쳤습니다. (0x12B)
[0518/220952.167:ERROR:process_memory_win.cc(73)] ReadMemory at 0x51309fc000 of 16384 bytes failed: ReadProcessMemory 또는 WriteProcessMemory의 일부 작업만을 마쳤습니다. (0x12B)
[0518/220952.167:ERROR:process_memory_win.cc(73)] ReadMemory at 0x51311fc000 of 16384 bytes failed: ReadProcessMemory 또는 WriteProcessMemory의 일부 작업만을 마쳤습니다. (0x12B)
[0518/220952.167:ERROR:process_memory_win.cc(73)] ReadMemory at 0x51319fe000 of 8192 bytes failed: ReadProcessMemory 또는 WriteProcessMemory의 일부 작업만을 마쳤습니다. (0x12B)
[0518/220952.167:ERROR:process_memory_win.cc(73)] ReadMemory at 0x51321fd000 of 12288 bytes failed: ReadProcessMemory 또는 WriteProcessMemory의 일부 작업만을 마쳤습니다. (0x12B)
[0518/220952.168:ERROR:process_memory_win.cc(73)] ReadMemory at 0x51329fb000 of 20480 bytes failed: ReadProcessMemory 또는 WriteProcessMemory의 일부 작업만을 마쳤습니다. (0x12B)
[0518/220952.168:ERROR:process_memory_win.cc(73)] ReadMemory at 0x51331fc000 of 16384 bytes failed: ReadProcessMemory 또는 WriteProcessMemory의 일부 작업만을 마쳤습니다. (0x12B)
[0518/220952.170:ERROR:process_memory_win.cc(73)] ReadMemory at 0x51339f4000 of 49152 bytes failed: ReadProcessMemory 또는 WriteProcessMemory의 일부 작업만을 마쳤습니다. (0x12B)
[0518/220952.172:ERROR:process_memory_win.cc(73)] ReadMemory at 0x51341f6000 of 40960 bytes failed: ReadProcessMemory 또는 WriteProcessMemory의 일부 작업만을 마쳤습니다. (0x12B)
[0518/220952.173:ERROR:process_memory_win.cc(73)] ReadMemory at 0x51349fc000 of 16384 bytes failed: ReadProcessMemory 또는 WriteProcessMemory의 일부 작업만을 마쳤습니다. (0x12B)
[0518/220952.173:ERROR:process_memory_win.cc(73)] ReadMemory at 0x51359f9000 of 28672 bytes failed: ReadProcessMemory 또는 WriteProcessMemory의 일부 작업만을 마쳤습니다. (0x12B)
[0518/220952.173:ERROR:process_memory_win.cc(73)] ReadMemory at 0x51369f9000 of 28672 bytes failed: ReadProcessMemory 또는 WriteProcessMemory의 일부 작업만을 마쳤습니다. (0x12B)
[0518/220952.174:ERROR:process_memory_win.cc(73)] ReadMemory at 0x51371ee000 of 73728 bytes failed: ReadProcessMemory 또는 WriteProcessMemory의 일부 작업만을 마쳤습니다. (0x12B)
[0518/220952.174:ERROR:process_memory_win.cc(73)] ReadMemory at 0x51389fc000 of 16384 bytes failed: ReadProcessMemory 또는 WriteProcessMemory의 일부 작업만을 마쳤습니다. (0x12B)
[0518/220952.174:ERROR:process_memory_win.cc(73)] ReadMemory at 0x51351fd000 of 12288 bytes failed: ReadProcessMemory 또는 WriteProcessMemory의 일부 작업만을 마쳤습니다. (0x12B)
[0518/220952.175:ERROR:process_memory_win.cc(73)] ReadMemory at 0x512e8b1000 of 852 bytes failed: ReadProcessMemory 또는 WriteProcessMemory의 일부 작업만을 마쳤습니다. (0x12B)
[0518/220952.175:ERROR:process_memory_win.cc(73)] ReadMemory at 0x512e8b2000 of 6024 bytes failed: ReadProcessMemory 또는 WriteProcessMemory의 일부 작업만을 마쳤습니다. (0x12B)
[0518/220952.176:ERROR:process_memory_win.cc(73)] ReadMemory at 0x512e8b4000 of 6024 bytes failed: ReadProcessMemory 또는 WriteProcessMemory의 일부 작업만을 마쳤습니다. (0x12B)
[0518/220952.176:ERROR:process_memory_win.cc(73)] ReadMemory at 0x512e8b6000 of 6024 bytes failed: ReadProcessMemory 또는 WriteProcessMemory의 일부 작업만을 마쳤습니다. (0x12B)
[0518/220952.176:ERROR:process_memory_win.cc(73)] ReadMemory at 0x512e8b8000 of 6024 bytes failed: ReadProcessMemory 또는 WriteProcessMemory의 일부 작업만을 마쳤습니다. (0x12B)
[0518/220952.176:ERROR:process_memory_win.cc(73)] ReadMemory at 0x512e8ba000 of 6024 bytes failed: ReadProcessMemory 또는 WriteProcessMemory의 일부 작업만을 마쳤습니다. (0x12B)
[0518/220952.176:ERROR:process_memory_win.cc(73)] ReadMemory at 0x512e8bc000 of 6024 bytes failed: ReadProcessMemory 또는 WriteProcessMemory의 일부 작업만을 마쳤습니다. (0x12B)
[0518/220952.177:ERROR:process_memory_win.cc(73)] ReadMemory at 0x512e8be000 of 6024 bytes failed: ReadProcessMemory 또는 WriteProcessMemory의 일부 작업만을 마쳤습니다. (0x12B)
[0518/220952.177:ERROR:process_memory_win.cc(73)] ReadMemory at 0x512e8c0000 of 6024 bytes failed: ReadProcessMemory 또는 WriteProcessMemory의 일부 작업만을 마쳤습니다. (0x12B)
[0518/220952.177:ERROR:process_memory_win.cc(73)] ReadMemory at 0x512e8c2000 of 6024 bytes failed: ReadProcessMemory 또는 WriteProcessMemory의 일부 작업만을 마쳤습니다. (0x12B)
[0518/220952.178:ERROR:process_memory_win.cc(73)] ReadMemory at 0x512e8c4000 of 6024 bytes failed: ReadProcessMemory 또는 WriteProcessMemory의 일부 작업만을 마쳤습니다. (0x12B)
[0518/220952.179:ERROR:process_memory_win.cc(73)] ReadMemory at 0x512e8c6000 of 6024 bytes failed: ReadProcessMemory 또는 WriteProcessMemory의 일부 작업만을 마쳤습니다. (0x12B)
[0518/220952.179:ERROR:process_memory_win.cc(73)] ReadMemory at 0x512e8c8000 of 6024 bytes failed: ReadProcessMemory 또는 WriteProcessMemory의 일부 작업만을 마쳤습니다. (0x12B)
[0518/220952.180:ERROR:process_memory_win.cc(73)] ReadMemory at 0x512e8cc000 of 6024 bytes failed: ReadProcessMemory 또는 WriteProcessMemory의 일부 작업만을 마쳤습니다. (0x12B)
[0518/220952.186:ERROR:process_memory_win.cc(73)] ReadMemory at 0x512e8d0000 of 6024 bytes failed: ReadProcessMemory 또는 WriteProcessMemory의 일부 작업만을 마쳤습니다. (0x12B)
[0518/220952.186:ERROR:process_memory_win.cc(73)] ReadMemory at 0x512e8d2000 of 6024 bytes failed: ReadProcessMemory 또는 WriteProcessMemory의 일부 작업만을 마쳤습니다. (0x12B)
[0518/220952.187:ERROR:process_memory_win.cc(73)] ReadMemory at 0x512e8d8000 of 6024 bytes failed: ReadProcessMemory 또는 WriteProcessMemory의 일부 작업만을 마쳤습니다. (0x12B)
[0518/220952.187:ERROR:process_memory_win.cc(73)] ReadMemory at 0x512e8dc000 of 6024 bytes failed: ReadProcessMemory 또는 WriteProcessMemory의 일부 작업만을 마쳤습니다. (0x12B)
[0518/220952.187:ERROR:process_memory_win.cc(73)] ReadMemory at 0x1be2ab70fe0 of 5746 bytes failed: ReadProcessMemory 또는 WriteProcessMemory의 일부 작업만을 마쳤습니다. (0x12B)
[0518/220952.187:ERROR:process_memory_win.cc(73)] ReadMemory at 0x1be2ab72660 of 1012 bytes failed: ReadProcessMemory 또는 WriteProcessMemory의 일부 작업만을 마쳤습니다. (0x12B)
[0518/220952.187:ERROR:process_memory_win.cc(73)] ReadMemory at 0x1be2ab72ca8 of 118 bytes failed: ReadProcessMemory 또는 WriteProcessMemory의 일부 작업만을 마쳤습니다. (0x12B)
[0518/220952.187:ERROR:process_memory_win.cc(73)] ReadMemory at 0x1be2ab72d20 of 1250 bytes failed: ReadProcessMemory 또는 WriteProcessMemory의 일부 작업만을 마쳤습니다. (0x12B)
[0518/220952.187:ERROR:process_memory_win.cc(73)] ReadMemory at 0x1be2ab73204 of 118 bytes failed: ReadProcessMemory 또는 WriteProcessMemory의 일부 작업만을 마쳤습니다. (0x12B)
[0518/220952.188:ERROR:process_memory_win.cc(73)] ReadMemory at 0x1be2ab7327c of 96 bytes failed: ReadProcessMemory 또는 WriteProcessMemory의 일부 작업만을 마쳤습니다. (0x12B)
[0518/220952.188:ERROR:process_memory_win.cc(73)] ReadMemory at 0x1be2ab732f0 of 58 bytes failed: ReadProcessMemory 또는 WriteProcessMemory의 일부 작업만을 마쳤습니다. (0x12B)
[0518/220952.188:ERROR:process_memory_win.cc(73)] ReadMemory at 0x1be2ab733f0 of 132 bytes failed: ReadProcessMemory 또는 WriteProcessMemory의 일부 작업만을 마쳤습니다. (0x12B)
[0518/220952.188:ERROR:process_memory_win.cc(73)] ReadMemory at 0x1be2ab73580 of 132 bytes failed: ReadProcessMemory 또는 WriteProcessMemory의 일부 작업만을 마쳤습니다. (0x12B)
[0518/220952.188:ERROR:process_memory_win.cc(73)] ReadMemory at 0x1be2ab73740 of 126 bytes failed: ReadProcessMemory 또는 WriteProcessMemory의 일부 작업만을 마쳤습니다. (0x12B)
[0518/220952.188:ERROR:process_memory_win.cc(73)] ReadMemory at 0x1be2ab73b20 of 132 bytes failed: ReadProcessMemory 또는 WriteProcessMemory의 일부 작업만을 마쳤습니다. (0x12B)
[0518/220952.188:ERROR:process_memory_win.cc(73)] ReadMemory at 0x1be2ab73cb0 of 64 bytes failed: ReadProcessMemory 또는 WriteProcessMemory의 일부 작업만을 마쳤습니다. (0x12B)
[0518/220952.188:ERROR:process_memory_win.cc(73)] ReadMemory at 0x1be2ab73d00 of 132 bytes failed: ReadProcessMemory 또는 WriteProcessMemory의 일부 작업만을 마쳤습니다. (0x12B)
[0518/220952.188:ERROR:process_memory_win.cc(73)] ReadMemory at 0x1be2ab73e70 of 132 bytes failed: ReadProcessMemory 또는 WriteProcessMemory의 일부 작업만을 마쳤습니다. (0x12B)
[0518/220952.188:ERROR:process_memory_win.cc(73)] ReadMemory at 0x1be2ab74110 of 132 bytes failed: ReadProcessMemory 또는 WriteProcessMemory의 일부 작업만을 마쳤습니다. (0x12B)
[0518/220952.189:ERROR:process_memory_win.cc(73)] ReadMemory at 0x1be2ab742a0 of 68 bytes failed: ReadProcessMemory 또는 WriteProcessMemory의 일부 작업만을 마쳤습니다. (0x12B)
[0518/220952.189:ERROR:process_memory_win.cc(73)] ReadMemory at 0x1be2ab75400 of 132 bytes failed: ReadProcessMemory 또는 WriteProcessMemory의 일부 작업만을 마쳤습니다. (0x12B)
[0518/220952.189:ERROR:process_memory_win.cc(73)] ReadMemory at 0x1be2ab75590 of 154 bytes failed: ReadProcessMemory 또는 WriteProcessMemory의 일부 작업만을 마쳤습니다. (0x12B)
[0518/220952.189:ERROR:process_memory_win.cc(73)] ReadMemory at 0x1be2ab762d0 of 132 bytes failed: ReadProcessMemory 또는 WriteProcessMemory의 일부 작업만을 마쳤습니다. (0x12B)
[0518/220952.189:ERROR:process_memory_win.cc(73)] ReadMemory at 0x1be2ab765b0 of 132 bytes failed: ReadProcessMemory 또는 WriteProcessMemory의 일부 작업만을 마쳤습니다. (0x12B)
[0518/220952.189:ERROR:process_memory_win.cc(73)] ReadMemory at 0x1be2ab76d90 of 62 bytes failed: ReadProcessMemory 또는 WriteProcessMemory의 일부 작업만을 마쳤습니다. (0x12B)
[0518/220952.189:ERROR:process_memory_win.cc(73)] ReadMemory at 0x1be2ab76e10 of 146 bytes failed: ReadProcessMemory 또는 WriteProcessMemory의 일부 작업만을 마쳤습니다. (0x12B)
[0518/220952.190:ERROR:process_memory_win.cc(73)] ReadMemory at 0x1be2ab76f50 of 60 bytes failed: ReadProcessMemory 또는 WriteProcessMemory의 일부 작업만을 마쳤습니다. (0x12B)
[0518/220952.190:ERROR:process_memory_win.cc(73)] ReadMemory at 0x1be2ab77f70 of 132 bytes failed: ReadProcessMemory 또는 WriteProcessMemory의 일부 작업만을 마쳤습니다. (0x12B)
[0518/220952.190:ERROR:process_memory_win.cc(73)] ReadMemory at 0x1be2ab78180 of 132 bytes failed: ReadProcessMemory 또는 WriteProcessMemory의 일부 작업만을 마쳤습니다. (0x12B)
[0518/220952.190:ERROR:process_memory_win.cc(73)] ReadMemory at 0x1be2ab78710 of 512 bytes failed: ReadProcessMemory 또는 WriteProcessMemory의 일부 작업만을 마쳤습니다. (0x12B)
[0518/220952.190:ERROR:process_memory_win.cc(73)] ReadMemory at 0x1be2ab78970 of 132 bytes failed: ReadProcessMemory 또는 WriteProcessMemory의 일부 작업만을 마쳤습니다. (0x12B)
[0518/220952.190:ERROR:process_memory_win.cc(73)] ReadMemory at 0x1be2ab78b00 of 80 bytes failed: ReadProcessMemory 또는 WriteProcessMemory의 일부 작업만을 마쳤습니다. (0x12B)
[0518/220952.190:ERROR:process_memory_win.cc(73)] ReadMemory at 0x1be2ab7b1b0 of 64 bytes failed: ReadProcessMemory 또는 WriteProcessMemory의 일부 작업만을 마쳤습니다. (0x12B)
[0518/220952.190:ERROR:process_memory_win.cc(73)] ReadMemory at 0x1be2ab7b340 of 60 bytes failed: ReadProcessMemory 또는 WriteProcessMemory의 일부 작업만을 마쳤습니다. (0x12B)
[0518/220952.190:ERROR:process_memory_win.cc(73)] ReadMemory at 0x1be2ab7b390 of 64 bytes failed: ReadProcessMemory 또는 WriteProcessMemory의 일부 작업만을 마쳤습니다. (0x12B)
[0518/220952.190:ERROR:process_memory_win.cc(73)] ReadMemory at 0x1be2ab7b3e0 of 62 bytes failed: ReadProcessMemory 또는 WriteProcessMemory의 일부 작업만을 마쳤습니다. (0x12B)
[0518/220952.190:ERROR:process_memory_win.cc(73)] ReadMemory at 0x1be2ab7b430 of 64 bytes failed: ReadProcessMemory 또는 WriteProcessMemory의 일부 작업만을 마쳤습니다. (0x12B)
[0518/220952.191:ERROR:process_memory_win.cc(73)] ReadMemory at 0x1be2ab7b520 of 64 bytes failed: ReadProcessMemory 또는 WriteProcessMemory의 일부 작업만을 마쳤습니다. (0x12B)
[0518/220952.194:ERROR:process_memory_win.cc(73)] ReadMemory at 0x1be2ab7b570 of 66 bytes failed: ReadProcessMemory 또는 WriteProcessMemory의 일부 작업만을 마쳤습니다. (0x12B)
[0518/220952.194:ERROR:process_memory_win.cc(73)] ReadMemory at 0x1be2ab7b700 of 62 bytes failed: ReadProcessMemory 또는 WriteProcessMemory의 일부 작업만을 마쳤습니다. (0x12B)
[0518/220952.194:ERROR:process_memory_win.cc(73)] ReadMemory at 0x1be2ab7b7a0 of 60 bytes failed: ReadProcessMemory 또는 WriteProcessMemory의 일부 작업만을 마쳤습니다. (0x12B)
[0518/220952.194:ERROR:process_memory_win.cc(73)] ReadMemory at 0x1be2ab7bc80 of 80 bytes failed: ReadProcessMemory 또는 WriteProcessMemory의 일부 작업만을 마쳤습니다. (0x12B)
[0518/220952.194:ERROR:process_memory_win.cc(73)] ReadMemory at 0x1be2ab7c100 of 76 bytes failed: ReadProcessMemory 또는 WriteProcessMemory의 일부 작업만을 마쳤습니다. (0x12B)
[0518/220952.194:ERROR:process_memory_win.cc(73)] ReadMemory at 0x1be2ab7c220 of 78 bytes failed: ReadProcessMemory 또는 WriteProcessMemory의 일부 작업만을 마쳤습니다. (0x12B)
[0518/220952.194:ERROR:process_memory_win.cc(73)] ReadMemory at 0x1be2ab7e2e0 of 54 bytes failed: ReadProcessMemory 또는 WriteProcessMemory의 일부 작업만을 마쳤습니다. (0x12B)
[0518/220952.195:ERROR:process_memory_win.cc(73)] ReadMemory at 0x1be2ab7fa30 of 132 bytes failed: ReadProcessMemory 또는 WriteProcessMemory의 일부 작업만을 마쳤습니다. (0x12B)
[0518/220952.195:ERROR:process_memory_win.cc(73)] ReadMemory at 0x1be2ab7fc50 of 132 bytes failed: ReadProcessMemory 또는 WriteProcessMemory의 일부 작업만을 마쳤습니다. (0x12B)
[0518/220952.196:ERROR:process_memory_win.cc(73)] ReadMemory at 0x1be2ab7fe70 of 132 bytes failed: ReadProcessMemory 또는 WriteProcessMemory의 일부 작업만을 마쳤습니다. (0x12B)
[0518/220952.196:ERROR:process_memory_win.cc(73)] ReadMemory at 0x1be2ab817a0 of 132 bytes failed: ReadProcessMemory 또는 WriteProcessMemory의 일부 작업만을 마쳤습니다. (0x12B)
[0518/220952.196:ERROR:process_memory_win.cc(73)] ReadMemory at 0x1be2ab83780 of 132 bytes failed: ReadProcessMemory 또는 WriteProcessMemory의 일부 작업만을 마쳤습니다. (0x12B)
[0518/220952.196:ERROR:process_memory_win.cc(73)] ReadMemory at 0x1be2ab85440 of 132 bytes failed: ReadProcessMemory 또는 WriteProcessMemory의 일부 작업만을 마쳤습니다. (0x12B)
[0518/220952.196:ERROR:process_memory_win.cc(73)] ReadMemory at 0x1be2ab85570 of 132 bytes failed: ReadProcessMemory 또는 WriteProcessMemory의 일부 작업만을 마쳤습니다. (0x12B)
[0518/220952.196:ERROR:process_memory_win.cc(73)] ReadMemory at 0x1be2ab856a0 of 132 bytes failed: ReadProcessMemory 또는 WriteProcessMemory의 일부 작업만을 마쳤습니다. (0x12B)
[0518/220952.197:ERROR:process_memory_win.cc(73)] ReadMemory at 0x1be2ab857d0 of 132 bytes failed: ReadProcessMemory 또는 WriteProcessMemory의 일부 작업만을 마쳤습니다. (0x12B)
[0518/220952.197:ERROR:process_memory_win.cc(73)] ReadMemory at 0x1be2ab85900 of 132 bytes failed: ReadProcessMemory 또는 WriteProcessMemory의 일부 작업만을 마쳤습니다. (0x12B)
[0518/220952.197:ERROR:process_memory_win.cc(73)] ReadMemory at 0x1be2ab85a30 of 132 bytes failed: ReadProcessMemory 또는 WriteProcessMemory의 일부 작업만을 마쳤습니다. (0x12B)
[0518/220952.197:ERROR:process_memory_win.cc(73)] ReadMemory at 0x1be2ab85b60 of 132 bytes failed: ReadProcessMemory 또는 WriteProcessMemory의 일부 작업만을 마쳤습니다. (0x12B)
[0518/220952.197:ERROR:process_memory_win.cc(73)] ReadMemory at 0x1be2ab85c90 of 132 bytes failed: ReadProcessMemory 또는 WriteProcessMemory의 일부 작업만을 마쳤습니다. (0x12B)
[0518/220952.198:ERROR:process_memory_win.cc(73)] ReadMemory at 0x1be2ab85dc0 of 132 bytes failed: ReadProcessMemory 또는 WriteProcessMemory의 일부 작업만을 마쳤습니다. (0x12B)
[0518/220952.198:ERROR:process_memory_win.cc(73)] ReadMemory at 0x1be2ab86020 of 132 bytes failed: ReadProcessMemory 또는 WriteProcessMemory의 일부 작업만을 마쳤습니다. (0x12B)
[0518/220952.198:ERROR:process_memory_win.cc(73)] ReadMemory at 0x1be2ab86150 of 132 bytes failed: ReadProcessMemory 또는 WriteProcessMemory의 일부 작업만을 마쳤습니다. (0x12B)
[0518/220952.198:ERROR:process_memory_win.cc(73)] ReadMemory at 0x1be2ab86280 of 132 bytes failed: ReadProcessMemory 또는 WriteProcessMemory의 일부 작업만을 마쳤습니다. (0x12B)
[0518/220952.198:ERROR:process_memory_win.cc(73)] ReadMemory at 0x1be2ab86620 of 64 bytes failed: ReadProcessMemory 또는 WriteProcessMemory의 일부 작업만을 마쳤습니다. (0x12B)
[0518/220952.199:ERROR:process_memory_win.cc(73)] ReadMemory at 0x1be2ab866c0 of 64 bytes failed: ReadProcessMemory 또는 WriteProcessMemory의 일부 작업만을 마쳤습니다. (0x12B)
[0518/220952.199:ERROR:process_memory_win.cc(73)] ReadMemory at 0x1be2ab868a0 of 60 bytes failed: ReadProcessMemory 또는 WriteProcessMemory의 일부 작업만을 마쳤습니다. (0x12B)
[0518/220952.199:ERROR:process_memory_win.cc(73)] ReadMemory at 0x1be2ab868f0 of 62 bytes failed: ReadProcessMemory 또는 WriteProcessMemory의 일부 작업만을 마쳤습니다. (0x12B)
[0518/220952.199:ERROR:process_memory_win.cc(73)] ReadMemory at 0x1be2ab86990 of 64 bytes failed: ReadProcessMemory 또는 WriteProcessMemory의 일부 작업만을 마쳤습니다. (0x12B)
[0518/220952.199:ERROR:process_memory_win.cc(73)] ReadMemory at 0x1be2ab86c10 of 60 bytes failed: ReadProcessMemory 또는 WriteProcessMemory의 일부 작업만을 마쳤습니다. (0x12B)
[0518/220952.199:ERROR:process_memory_win.cc(73)] ReadMemory at 0x1be2ab86c60 of 62 bytes failed: ReadProcessMemory 또는 WriteProcessMemory의 일부 작업만을 마쳤습니다. (0x12B)
[0518/220952.199:ERROR:process_memory_win.cc(73)] ReadMemory at 0x1be2ab86cb0 of 60 bytes failed: ReadProcessMemory 또는 WriteProcessMemory의 일부 작업만을 마쳤습니다. (0x12B)
[0518/220952.199:ERROR:process_memory_win.cc(73)] ReadMemory at 0x1be2ab86d00 of 62 bytes failed: ReadProcessMemory 또는 WriteProcessMemory의 일부 작업만을 마쳤습니다. (0x12B)
[0518/220952.199:ERROR:process_memory_win.cc(73)] ReadMemory at 0x1be2ab86d50 of 64 bytes failed: ReadProcessMemory 또는 WriteProcessMemory의 일부 작업만을 마쳤습니다. (0x12B)
[0518/220952.199:ERROR:process_memory_win.cc(73)] ReadMemory at 0x1be2ab86f30 of 62 bytes failed: ReadProcessMemory 또는 WriteProcessMemory의 일부 작업만을 마쳤습니다. (0x12B)
[0518/220952.200:ERROR:process_memory_win.cc(73)] ReadMemory at 0x1be2ab87020 of 60 bytes failed: ReadProcessMemory 또는 WriteProcessMemory의 일부 작업만을 마쳤습니다. (0x12B)
[0518/220952.200:ERROR:process_memory_win.cc(73)] ReadMemory at 0x1be2ab870c0 of 66 bytes failed: ReadProcessMemory 또는 WriteProcessMemory의 일부 작업만을 마쳤습니다. (0x12B)
[0518/220952.200:ERROR:process_memory_win.cc(73)] ReadMemory at 0x1be2ab87110 of 62 bytes failed: ReadProcessMemory 또는 WriteProcessMemory의 일부 작업만을 마쳤습니다. (0x12B)
[0518/220952.200:ERROR:process_memory_win.cc(73)] ReadMemory at 0x1be2ab87160 of 62 bytes failed: ReadProcessMemory 또는 WriteProcessMemory의 일부 작업만을 마쳤습니다. (0x12B)
[0518/220952.200:ERROR:process_memory_win.cc(73)] ReadMemory at 0x1be2ab872a0 of 62 bytes failed: ReadProcessMemory 또는 WriteProcessMemory의 일부 작업만을 마쳤습니다. (0x12B)
[0518/220952.200:ERROR:process_memory_win.cc(73)] ReadMemory at 0x1be2ab87340 of 64 bytes failed: ReadProcessMemory 또는 WriteProcessMemory의 일부 작업만을 마쳤습니다. (0x12B)
[0518/220952.200:ERROR:process_memory_win.cc(73)] ReadMemory at 0x1be2ab87430 of 62 bytes failed: ReadProcessMemory 또는 WriteProcessMemory의 일부 작업만을 마쳤습니다. (0x12B)
[0518/220952.200:ERROR:process_memory_win.cc(73)] ReadMemory at 0x1be2ab87520 of 62 bytes failed: ReadProcessMemory 또는 WriteProcessMemory의 일부 작업만을 마쳤습니다. (0x12B)
[0518/220952.200:ERROR:process_memory_win.cc(73)] ReadMemory at 0x1be2ab87570 of 58 bytes failed: ReadProcessMemory 또는 WriteProcessMemory의 일부 작업만을 마쳤습니다. (0x12B)
[0518/220952.200:ERROR:process_memory_win.cc(73)] ReadMemory at 0x1be2ab87630 of 132 bytes failed: ReadProcessMemory 또는 WriteProcessMemory의 일부 작업만을 마쳤습니다. (0x12B)
[0518/220952.200:ERROR:process_memory_win.cc(73)] ReadMemory at 0x1be2ab87760 of 132 bytes failed: ReadProcessMemory 또는 WriteProcessMemory의 일부 작업만을 마쳤습니다. (0x12B)
[0518/220952.201:ERROR:process_memory_win.cc(73)] ReadMemory at 0x1be2ab87890 of 132 bytes failed: ReadProcessMemory 또는 WriteProcessMemory의 일부 작업만을 마쳤습니다. (0x12B)
[0518/220952.201:ERROR:process_memory_win.cc(73)] ReadMemory at 0x1be2ab879c0 of 132 bytes failed: ReadProcessMemory 또는 WriteProcessMemory의 일부 작업만을 마쳤습니다. (0x12B)
[0518/220952.201:ERROR:process_memory_win.cc(73)] ReadMemory at 0x1be2ab87af0 of 132 bytes failed: ReadProcessMemory 또는 WriteProcessMemory의 일부 작업만을 마쳤습니다. (0x12B)
[0518/220952.201:ERROR:process_memory_win.cc(73)] ReadMemory at 0x1be2ab87c20 of 132 bytes failed: ReadProcessMemory 또는 WriteProcessMemory의 일부 작업만을 마쳤습니다. (0x12B)
[0518/220952.201:ERROR:process_memory_win.cc(73)] ReadMemory at 0x1be2ab87d50 of 132 bytes failed: ReadProcessMemory 또는 WriteProcessMemory의 일부 작업만을 마쳤습니다. (0x12B)
[0518/220952.201:ERROR:process_memory_win.cc(73)] ReadMemory at 0x1be2ab87e80 of 132 bytes failed: ReadProcessMemory 또는 WriteProcessMemory의 일부 작업만을 마쳤습니다. (0x12B)
[0518/220952.201:ERROR:process_memory_win.cc(73)] ReadMemory at 0x1be2ab880e0 of 132 bytes failed: ReadProcessMemory 또는 WriteProcessMemory의 일부 작업만을 마쳤습니다. (0x12B)
[0518/220952.201:ERROR:process_memory_win.cc(73)] ReadMemory at 0x1be2ab88210 of 132 bytes failed: ReadProcessMemory 또는 WriteProcessMemory의 일부 작업만을 마쳤습니다. (0x12B)
[0518/220952.201:ERROR:process_memory_win.cc(73)] ReadMemory at 0x1be2ab88340 of 132 bytes failed: ReadProcessMemory 또는 WriteProcessMemory의 일부 작업만을 마쳤습니다. (0x12B)
[0518/220952.201:ERROR:process_memory_win.cc(73)] ReadMemory at 0x1be2ab88470 of 132 bytes failed: ReadProcessMemory 또는 WriteProcessMemory의 일부 작업만을 마쳤습니다. (0x12B)
[0518/220952.202:ERROR:process_memory_win.cc(73)] ReadMemory at 0x1be2ab885a0 of 132 bytes failed: ReadProcessMemory 또는 WriteProcessMemory의 일부 작업만을 마쳤습니다. (0x12B)
[0518/220952.202:ERROR:process_memory_win.cc(73)] ReadMemory at 0x1be2ab886d0 of 132 bytes failed: ReadProcessMemory 또는 WriteProcessMemory의 일부 작업만을 마쳤습니다. (0x12B)
[0518/220952.202:ERROR:process_memory_win.cc(73)] ReadMemory at 0x1be2ab88800 of 132 bytes failed: ReadProcessMemory 또는 WriteProcessMemory의 일부 작업만을 마쳤습니다. (0x12B)
[0518/220952.202:ERROR:process_memory_win.cc(73)] ReadMemory at 0x1be2ab88930 of 132 bytes failed: ReadProcessMemory 또는 WriteProcessMemory의 일부 작업만을 마쳤습니다. (0x12B)
[0518/220952.202:ERROR:process_memory_win.cc(73)] ReadMemory at 0x1be2ab88a60 of 132 bytes failed: ReadProcessMemory 또는 WriteProcessMemory의 일부 작업만을 마쳤습니다. (0x12B)
[0518/220952.202:ERROR:process_memory_win.cc(73)] ReadMemory at 0x1be2ab88b90 of 132 bytes failed: ReadProcessMemory 또는 WriteProcessMemory의 일부 작업만을 마쳤습니다. (0x12B)
[0518/220952.203:ERROR:process_memory_win.cc(73)] ReadMemory at 0x1be2ab88cc0 of 132 bytes failed: ReadProcessMemory 또는 WriteProcessMemory의 일부 작업만을 마쳤습니다. (0x12B)
[0518/220952.203:ERROR:process_memory_win.cc(73)] ReadMemory at 0x1be2ab88df0 of 132 bytes failed: ReadProcessMemory 또는 WriteProcessMemory의 일부 작업만을 마쳤습니다. (0x12B)
[0518/220952.203:ERROR:process_memory_win.cc(73)] ReadMemory at 0x1be2ab893e0 of 132 bytes failed: ReadProcessMemory 또는 WriteProcessMemory의 일부 작업만을 마쳤습니다. (0x12B)
[0518/220952.203:ERROR:process_memory_win.cc(73)] ReadMemory at 0x1be2ab9dcd0 of 62 bytes failed: ReadProcessMemory 또는 WriteProcessMemory의 일부 작업만을 마쳤습니다. (0x12B)
[0518/220952.203:ERROR:process_memory_win.cc(73)] ReadMemory at 0x1be2ab9e090 of 60 bytes failed: ReadProcessMemory 또는 WriteProcessMemory의 일부 작업만을 마쳤습니다. (0x12B)
[0518/220952.203:ERROR:process_memory_win.cc(73)] ReadMemory at 0x1be2ab9e0e0 of 66 bytes failed: ReadProcessMemory 또는 WriteProcessMemory의 일부 작업만을 마쳤습니다. (0x12B)
[0518/220952.203:ERROR:process_memory_win.cc(73)] ReadMemory at 0x1be2ab9e1d0 of 58 bytes failed: ReadProcessMemory 또는 WriteProcessMemory의 일부 작업만을 마쳤습니다. (0x12B)
[0518/220952.204:ERROR:process_memory_win.cc(73)] ReadMemory at 0x1be2ab9e220 of 60 bytes failed: ReadProcessMemory 또는 WriteProcessMemory의 일부 작업만을 마쳤습니다. (0x12B)
[0518/220952.204:ERROR:process_memory_win.cc(73)] ReadMemory at 0x1be2ab9e3b0 of 62 bytes failed: ReadProcessMemory 또는 WriteProcessMemory의 일부 작업만을 마쳤습니다. (0x12B)
[0518/220952.204:ERROR:process_memory_win.cc(73)] ReadMemory at 0x1be2ab9e400 of 58 bytes failed: ReadProcessMemory 또는 WriteProcessMemory의 일부 작업만을 마쳤습니다. (0x12B)
[0518/220952.204:ERROR:process_memory_win.cc(73)] ReadMemory at 0x1be2ab9e450 of 58 bytes failed: ReadProcessMemory 또는 WriteProcessMemory의 일부 작업만을 마쳤습니다. (0x12B)
[0518/220952.207:ERROR:process_memory_win.cc(73)] ReadMemory at 0x1be2aba92e0 of 512 bytes failed: ReadProcessMemory 또는 WriteProcessMemory의 일부 작업만을 마쳤습니다. (0x12B)
[0518/220952.207:ERROR:process_memory_win.cc(73)] ReadMemory at 0x1be2acb0000 of 384 bytes failed: ReadProcessMemory 또는 WriteProcessMemory의 일부 작업만을 마쳤습니다. (0x12B)
[0518/220952.207:ERROR:process_memory_win.cc(73)] ReadMemory at 0x1be2b0a61c0 of 704 bytes failed: ReadProcessMemory 또는 WriteProcessMemory의 일부 작업만을 마쳤습니다. (0x12B)
[0518/220952.208:ERROR:process_memory_win.cc(73)] ReadMemory at 0x1be2b0bbef0 of 712 bytes failed: ReadProcessMemory 또는 WriteProcessMemory의 일부 작업만을 마쳤습니다. (0x12B)
[0518/220952.208:ERROR:process_memory_win.cc(73)] ReadMemory at 0x1be2b160390 of 512 bytes failed: ReadProcessMemory 또는 WriteProcessMemory의 일부 작업만을 마쳤습니다. (0x12B)
[0518/220952.208:ERROR:process_memory_win.cc(73)] ReadMemory at 0x1be2b174530 of 512 bytes failed: ReadProcessMemory 또는 WriteProcessMemory의 일부 작업만을 마쳤습니다. (0x12B)
[0518/220952.208:ERROR:process_memory_win.cc(73)] ReadMemory at 0x1be2ca76680 of 512 bytes failed: ReadProcessMemory 또는 WriteProcessMemory의 일부 작업만을 마쳤습니다. (0x12B)
[0518/220952.208:ERROR:process_memory_win.cc(73)] ReadMemory at 0x1be2cadff40 of 512 bytes failed: ReadProcessMemory 또는 WriteProcessMemory의 일부 작업만을 마쳤습니다. (0x12B)
[0518/220952.208:ERROR:process_memory_win.cc(73)] ReadMemory at 0x1be2cb62ae0 of 512 bytes failed: ReadProcessMemory 또는 WriteProcessMemory의 일부 작업만을 마쳤습니다. (0x12B)
[0518/220952.209:ERROR:process_memory_win.cc(73)] ReadMemory at 0x1be2d29d250 of 512 bytes failed: ReadProcessMemory 또는 WriteProcessMemory의 일부 작업만을 마쳤습니다. (0x12B)
[0518/220952.209:ERROR:process_memory_win.cc(73)] ReadMemory at 0x1be2d2b5750 of 512 bytes failed: ReadProcessMemory 또는 WriteProcessMemory의 일부 작업만을 마쳤습니다. (0x12B)
[0518/220952.209:ERROR:process_memory_win.cc(73)] ReadMemory at 0x1be2eecec50 of 512 bytes failed: ReadProcessMemory 또는 WriteProcessMemory의 일부 작업만을 마쳤습니다. (0x12B)
[0518/220952.216:ERROR:scoped_process_suspend.cc(40)] NtResumeProcess: 기존 프로세스에 액세스하려고 했습니다. (0xc000010a)
